[2020-05-26 12:56:12,471] [01_Extract_Pathes] [INFO]:	------------------------------
[2020-05-26 12:56:12,471] [01_Extract_Pathes] [INFO]:	 PIPELINE RUN INFO
[2020-05-26 12:56:12,483] [01_Extract_Pathes] [INFO]:	------------------------------
[2020-05-26 12:56:12,483] [01_Extract_Pathes] [INFO]:	Kronos version: 2.3.0
[2020-05-26 12:56:12,484] [01_Extract_Pathes] [INFO]:	pipeline name: 01_Extract_Pathes
[2020-05-26 12:56:12,485] [01_Extract_Pathes] [INFO]:	run id: 2020-05-26_12-56-12
[2020-05-26 12:56:12,485] [01_Extract_Pathes] [INFO]:	launch date: 2020-05-26 12:56:12
[2020-05-26 12:56:12,486] [01_Extract_Pathes] [INFO]:	user: poahmadvand
[2020-05-26 12:56:12,487] [01_Extract_Pathes] [INFO]:	hostname: dlhost02
[2020-05-26 12:56:12,487] [01_Extract_Pathes] [INFO]:	command line arguments:
[2020-05-26 12:56:12,488] [01_Extract_Pathes] [INFO]:		drmaa_library_path		= lib/lx24-amd64/libdrmaa.so
[2020-05-26 12:56:12,489] [01_Extract_Pathes] [INFO]:		no_key_legend		= False
[2020-05-26 12:56:12,489] [01_Extract_Pathes] [INFO]:		extension		= png
[2020-05-26 12:56:12,490] [01_Extract_Pathes] [INFO]:		run_id		= None
[2020-05-26 12:56:12,490] [01_Extract_Pathes] [INFO]:		python_installation		= python
[2020-05-26 12:56:12,491] [01_Extract_Pathes] [INFO]:		num_pipelines		= 1
[2020-05-26 12:56:12,491] [01_Extract_Pathes] [INFO]:		no_prefix		= True
[2020-05-26 12:56:12,492] [01_Extract_Pathes] [INFO]:		components_dir		= /projects/ovcare/classification/pouya/components
[2020-05-26 12:56:12,493] [01_Extract_Pathes] [INFO]:		working_dir		= /projects/ovcare/classification/pouya/components/PDAC_Binary_Pipeline/2020-05-26_12-56-12
[2020-05-26 12:56:12,493] [01_Extract_Pathes] [INFO]:		print_only		= False
[2020-05-26 12:56:12,494] [01_Extract_Pathes] [INFO]:		pipeline_name		= 01_Extract_Pathes
[2020-05-26 12:56:12,494] [01_Extract_Pathes] [INFO]:		job_scheduler		= drmaa
[2020-05-26 12:56:12,495] [01_Extract_Pathes] [INFO]:		draw_vertically		= False
[2020-05-26 12:56:12,495] [01_Extract_Pathes] [INFO]:		log_file		= None
[2020-05-26 12:56:12,496] [01_Extract_Pathes] [INFO]:		qsub_options		= None
[2020-05-26 12:56:12,496] [01_Extract_Pathes] [INFO]:		num_jobs		= 1
[2020-05-26 12:56:12,496] [01_Extract_Pathes] [INFO]:	------------------------------
[2020-05-26 12:56:12,497] [01_Extract_Pathes] [INFO]:	 PIPELINE BEGINS
[2020-05-26 12:56:12,498] [01_Extract_Pathes] [INFO]:	------------------------------
[2020-05-26 12:56:12,634] [01_Extract_Pathes] [INFO]:	running __shared__only___01_Extract_Pathes pipeline with command: python /projects/ovcare/classification/pouya/components/PDAC_Binary_Pipeline/intermediate_pipeline_scripts/__shared__only___01_Extract_Pathes.py --drmaa_library_path 'lib/lx24-amd64/libdrmaa.so' --extension 'png' --run_id '2020-05-26_12-56-12' --python_installation 'python' --num_pipelines 1 --no_prefix --components_dir '/projects/ovcare/classification/pouya/components' --working_dir '/projects/ovcare/classification/pouya/components/PDAC_Binary_Pipeline/2020-05-26_12-56-12' --pipeline_name '__shared__only___01_Extract_Pathes' --job_scheduler 'drmaa' --sample_id '__shared__only__' --log_file '/projects/ovcare/classification/pouya/components/PDAC_Binary_Pipeline/2020-05-26_12-56-12/01_Extract_Pathes_2020-05-26_12-56-12.log' --num_jobs 1
[2020-05-26 12:56:12,634] [01_Extract_Pathes] [INFO]:	
[2020-05-26 12:56:13,087] [__shared__only___01_Extract_Pathes] [INFO]:	TASK_A for kronos_component_singularity started in __shared__only___01_Extract_Pathes pipeline
[2020-05-26 12:56:13,088] [__shared__only___01_Extract_Pathes] [INFO]:	
[2020-05-26 12:56:13,091] [__shared__only___01_Extract_Pathes] [INFO]:	Loc arg /projects/ovcare/classification/Diagnostic_TCGA_PDAC_cases/slides
[2020-05-26 12:56:13,092] [__shared__only___01_Extract_Pathes] [INFO]:	
[2020-05-26 12:56:13,094] [__shared__only___01_Extract_Pathes] [INFO]:	Loc arg /projects/ovcare/classification/Diagnostic_TCGA_PDAC_cases/patches_1024
[2020-05-26 12:56:13,095] [__shared__only___01_Extract_Pathes] [INFO]:	
[2020-05-26 12:56:13,097] [__shared__only___01_Extract_Pathes] [INFO]:	Loc arg /projects/ovcare/classification/Diagnostic_TCGA_PDAC_cases/Annotated
[2020-05-26 12:56:13,098] [__shared__only___01_Extract_Pathes] [INFO]:	
[2020-05-26 12:56:13,099] [__shared__only___01_Extract_Pathes] [INFO]:	Loc arg /projects/ovcare/classification/pouya/components/PDAC_Binary_Pipeline/01_Extract_Pathes.json
[2020-05-26 12:56:13,100] [__shared__only___01_Extract_Pathes] [INFO]:	
[2020-05-26 12:56:14,113] [__shared__only___01_Extract_Pathes] [INFO]:	job 25917 ("TASK_A") has been launched locally
[2020-05-26 12:56:14,114] [__shared__only___01_Extract_Pathes] [INFO]:	
