[2020-06-01 16:21:41,143] [04_Create_Groups] [INFO]:	------------------------------
[2020-06-01 16:21:41,143] [04_Create_Groups] [INFO]:	 PIPELINE RUN INFO
[2020-06-01 16:21:41,149] [04_Create_Groups] [INFO]:	------------------------------
[2020-06-01 16:21:41,159] [04_Create_Groups] [INFO]:	Kronos version: 2.3.0
[2020-06-01 16:21:41,170] [04_Create_Groups] [INFO]:	pipeline name: 04_Create_Groups
[2020-06-01 16:21:41,178] [04_Create_Groups] [INFO]:	run id: 2020-06-01_16-21-40
[2020-06-01 16:21:41,193] [04_Create_Groups] [INFO]:	launch date: 2020-06-01 16:21:41
[2020-06-01 16:21:41,202] [04_Create_Groups] [INFO]:	user: poahmadvand
[2020-06-01 16:21:41,236] [04_Create_Groups] [INFO]:	hostname: dlhost02
[2020-06-01 16:21:41,261] [04_Create_Groups] [INFO]:	command line arguments:
[2020-06-01 16:21:41,286] [04_Create_Groups] [INFO]:		drmaa_library_path		= lib/lx24-amd64/libdrmaa.so
[2020-06-01 16:21:41,312] [04_Create_Groups] [INFO]:		no_key_legend		= False
[2020-06-01 16:21:41,320] [04_Create_Groups] [INFO]:		extension		= png
[2020-06-01 16:21:41,339] [04_Create_Groups] [INFO]:		run_id		= None
[2020-06-01 16:21:41,350] [04_Create_Groups] [INFO]:		python_installation		= python
[2020-06-01 16:21:41,379] [04_Create_Groups] [INFO]:		num_pipelines		= 1
[2020-06-01 16:21:41,387] [04_Create_Groups] [INFO]:		no_prefix		= True
[2020-06-01 16:21:41,397] [04_Create_Groups] [INFO]:		components_dir		= /projects/ovcare/classification/pouya/components
[2020-06-01 16:21:41,414] [04_Create_Groups] [INFO]:		working_dir		= /projects/ovcare/classification/pouya/components/PDAC_Binary_Pipeline/2020-06-01_16-21-40
[2020-06-01 16:21:41,433] [04_Create_Groups] [INFO]:		print_only		= False
[2020-06-01 16:21:41,440] [04_Create_Groups] [INFO]:		pipeline_name		= 04_Create_Groups
[2020-06-01 16:21:41,451] [04_Create_Groups] [INFO]:		job_scheduler		= drmaa
[2020-06-01 16:21:41,462] [04_Create_Groups] [INFO]:		draw_vertically		= False
[2020-06-01 16:21:41,478] [04_Create_Groups] [INFO]:		log_file		= None
[2020-06-01 16:21:41,484] [04_Create_Groups] [INFO]:		qsub_options		= None
[2020-06-01 16:21:41,514] [04_Create_Groups] [INFO]:		num_jobs		= 1
[2020-06-01 16:21:41,520] [04_Create_Groups] [INFO]:	------------------------------
[2020-06-01 16:21:41,533] [04_Create_Groups] [INFO]:	 PIPELINE BEGINS
[2020-06-01 16:21:41,552] [04_Create_Groups] [INFO]:	------------------------------
[2020-06-01 16:21:41,756] [04_Create_Groups] [INFO]:	running __shared__only___04_Create_Groups pipeline with command: python /projects/ovcare/classification/pouya/components/PDAC_Binary_Pipeline/intermediate_pipeline_scripts/__shared__only___04_Create_Groups.py --drmaa_library_path 'lib/lx24-amd64/libdrmaa.so' --extension 'png' --run_id '2020-06-01_16-21-40' --python_installation 'python' --num_pipelines 1 --no_prefix --components_dir '/projects/ovcare/classification/pouya/components' --working_dir '/projects/ovcare/classification/pouya/components/PDAC_Binary_Pipeline/2020-06-01_16-21-40' --pipeline_name '__shared__only___04_Create_Groups' --job_scheduler 'drmaa' --sample_id '__shared__only__' --log_file '/projects/ovcare/classification/pouya/components/PDAC_Binary_Pipeline/2020-06-01_16-21-40/04_Create_Groups_2020-06-01_16-21-40.log' --num_jobs 1
[2020-06-01 16:21:41,780] [04_Create_Groups] [INFO]:	
[2020-06-01 16:21:42,453] [__shared__only___04_Create_Groups] [INFO]:	TASK_CREATE_GROUPS for kronos_component_singularity started in __shared__only___04_Create_Groups pipeline
[2020-06-01 16:21:42,453] [__shared__only___04_Create_Groups] [INFO]:	
[2020-06-01 16:21:42,495] [__shared__only___04_Create_Groups] [INFO]:	Loc arg /projects/ovcare/classification/Diagnostic_TCGA_PDAC_cases/patches_256_sorted/groups.json
[2020-06-01 16:21:42,515] [__shared__only___04_Create_Groups] [INFO]:	
[2020-06-01 16:21:42,525] [__shared__only___04_Create_Groups] [INFO]:	Loc arg /projects/ovcare/classification/Diagnostic_TCGA_PDAC_cases/patches_256_sorted
[2020-06-01 16:21:42,538] [__shared__only___04_Create_Groups] [INFO]:	
[2020-06-01 16:21:42,559] [__shared__only___04_Create_Groups] [INFO]:	Loc arg /projects/ovcare/classification/pouya/components/PDAC_Binary_Pipeline/04_Create_Groups.json
[2020-06-01 16:21:42,573] [__shared__only___04_Create_Groups] [INFO]:	
[2020-06-01 16:21:43,635] [__shared__only___04_Create_Groups] [INFO]:	job 53080 ("TASK_CREATE_GROUPS") has been launched locally
[2020-06-01 16:21:43,651] [__shared__only___04_Create_Groups] [INFO]:	
[2020-06-01 16:21:44,981] [04_Create_Groups] [INFO]:	__shared__only___04_Create_Groups pipeline finished with exit code 98
[2020-06-01 16:21:44,981] [04_Create_Groups] [INFO]:	
[2020-06-01 16:21:44,997] [04_Create_Groups] [INFO]:	------------------------------
[2020-06-01 16:21:45,015] [04_Create_Groups] [INFO]:	 PIPELINE ENDS
[2020-06-01 16:21:45,030] [04_Create_Groups] [INFO]:	------------------------------
[2020-06-01 16:21:45,040] [04_Create_Groups] [INFO]:	finish date: 2020-06-01 16:21:45
[2020-06-01 16:21:45,066] [04_Create_Groups] [INFO]:	04_Create_Groups pipeline finished with exit code 98. Please check the logs.
