[2020-06-01 16:13:50,898] [04_Create_Groups] [INFO]:	------------------------------
[2020-06-01 16:13:50,899] [04_Create_Groups] [INFO]:	 PIPELINE RUN INFO
[2020-06-01 16:13:50,920] [04_Create_Groups] [INFO]:	------------------------------
[2020-06-01 16:13:50,920] [04_Create_Groups] [INFO]:	Kronos version: 2.3.0
[2020-06-01 16:13:50,921] [04_Create_Groups] [INFO]:	pipeline name: 04_Create_Groups
[2020-06-01 16:13:50,922] [04_Create_Groups] [INFO]:	run id: 2020-06-01_16-13-50
[2020-06-01 16:13:50,922] [04_Create_Groups] [INFO]:	launch date: 2020-06-01 16:13:50
[2020-06-01 16:13:50,923] [04_Create_Groups] [INFO]:	user: poahmadvand
[2020-06-01 16:13:50,924] [04_Create_Groups] [INFO]:	hostname: dlhost02
[2020-06-01 16:13:50,925] [04_Create_Groups] [INFO]:	command line arguments:
[2020-06-01 16:13:50,925] [04_Create_Groups] [INFO]:		drmaa_library_path		= lib/lx24-amd64/libdrmaa.so
[2020-06-01 16:13:50,926] [04_Create_Groups] [INFO]:		no_key_legend		= False
[2020-06-01 16:13:50,927] [04_Create_Groups] [INFO]:		extension		= png
[2020-06-01 16:13:50,927] [04_Create_Groups] [INFO]:		run_id		= None
[2020-06-01 16:13:50,928] [04_Create_Groups] [INFO]:		python_installation		= python
[2020-06-01 16:13:50,929] [04_Create_Groups] [INFO]:		num_pipelines		= 1
[2020-06-01 16:13:50,929] [04_Create_Groups] [INFO]:		no_prefix		= True
[2020-06-01 16:13:50,930] [04_Create_Groups] [INFO]:		components_dir		= /projects/ovcare/classification/pouya/components
[2020-06-01 16:13:50,931] [04_Create_Groups] [INFO]:		working_dir		= /projects/ovcare/classification/pouya/components/PDAC_Binary_Pipeline/2020-06-01_16-13-50
[2020-06-01 16:13:50,931] [04_Create_Groups] [INFO]:		print_only		= False
[2020-06-01 16:13:50,932] [04_Create_Groups] [INFO]:		pipeline_name		= 04_Create_Groups
[2020-06-01 16:13:50,933] [04_Create_Groups] [INFO]:		job_scheduler		= drmaa
[2020-06-01 16:13:50,933] [04_Create_Groups] [INFO]:		draw_vertically		= False
[2020-06-01 16:13:50,934] [04_Create_Groups] [INFO]:		log_file		= None
[2020-06-01 16:13:50,935] [04_Create_Groups] [INFO]:		qsub_options		= None
[2020-06-01 16:13:50,936] [04_Create_Groups] [INFO]:		num_jobs		= 1
[2020-06-01 16:13:50,936] [04_Create_Groups] [INFO]:	------------------------------
[2020-06-01 16:13:50,937] [04_Create_Groups] [INFO]:	 PIPELINE BEGINS
[2020-06-01 16:13:50,938] [04_Create_Groups] [INFO]:	------------------------------
[2020-06-01 16:13:51,110] [04_Create_Groups] [INFO]:	running __shared__only___04_Create_Groups pipeline with command: python /projects/ovcare/classification/pouya/components/PDAC_Binary_Pipeline/intermediate_pipeline_scripts/__shared__only___04_Create_Groups.py --drmaa_library_path 'lib/lx24-amd64/libdrmaa.so' --extension 'png' --run_id '2020-06-01_16-13-50' --python_installation 'python' --num_pipelines 1 --no_prefix --components_dir '/projects/ovcare/classification/pouya/components' --working_dir '/projects/ovcare/classification/pouya/components/PDAC_Binary_Pipeline/2020-06-01_16-13-50' --pipeline_name '__shared__only___04_Create_Groups' --job_scheduler 'drmaa' --sample_id '__shared__only__' --log_file '/projects/ovcare/classification/pouya/components/PDAC_Binary_Pipeline/2020-06-01_16-13-50/04_Create_Groups_2020-06-01_16-13-50.log' --num_jobs 1
[2020-06-01 16:13:51,111] [04_Create_Groups] [INFO]:	
[2020-06-01 16:13:51,521] [__shared__only___04_Create_Groups] [INFO]:	TASK_CREATE_GROUPS for kronos_component_singularity started in __shared__only___04_Create_Groups pipeline
[2020-06-01 16:13:51,521] [__shared__only___04_Create_Groups] [INFO]:	
[2020-06-01 16:13:51,546] [__shared__only___04_Create_Groups] [ERROR]:	unexpected error in "kronos_component_singularity_TASK_CREATE_GROUPS_function"
[2020-06-01 16:13:51,558] [__shared__only___04_Create_Groups] [ERROR]:	
[2020-06-01 16:13:51,561] [__shared__only___04_Create_Groups] [ERROR]:	Traceback (most recent call last):
[2020-06-01 16:13:51,584] [__shared__only___04_Create_Groups] [ERROR]:	File "/home/poahmadvand/py2env/lib/python2.7/site-packages/kronos/logger.py", line 154, in wrapper
[2020-06-01 16:13:51,590] [__shared__only___04_Create_Groups] [ERROR]:	res = func(*args, **kwargs)
[2020-06-01 16:13:51,594] [__shared__only___04_Create_Groups] [ERROR]:	File "/projects/ovcare/classification/pouya/components/PDAC_Binary_Pipeline/intermediate_pipeline_scripts/__shared__only___04_Create_Groups.py", line 63, in kronos_component_singularity_TASK_CREATE_GROUPS_function
[2020-06-01 16:13:51,622] [__shared__only___04_Create_Groups] [ERROR]:	run_script = rm.generate_script(TASK_CREATE_GROUPS_task, None, None)
[2020-06-01 16:13:51,626] [__shared__only___04_Create_Groups] [ERROR]:	File "/home/poahmadvand/py2env/lib/python2.7/site-packages/kronos/run_manager.py", line 113, in generate_script
[2020-06-01 16:13:51,628] [__shared__only___04_Create_Groups] [ERROR]:	cmd, cmd_args = component.make_cmd(chunk)
[2020-06-01 16:13:51,629] [__shared__only___04_Create_Groups] [ERROR]:	File "/projects/ovcare/classification/pouya/components/kronos_component_singularity/component_main.py", line 78, in make_cmd
[2020-06-01 16:13:51,630] [__shared__only___04_Create_Groups] [ERROR]:	self.get_location_args(args, path_args, config_args)
[2020-06-01 16:13:51,631] [__shared__only___04_Create_Groups] [ERROR]:	File "/projects/ovcare/classification/pouya/components/kronos_component_singularity/component_main.py", line 42, in get_location_args
[2020-06-01 16:13:51,631] [__shared__only___04_Create_Groups] [ERROR]:	data = json.load(json_file)
[2020-06-01 16:13:51,632] [__shared__only___04_Create_Groups] [ERROR]:	File "/usr/lib/python2.7/json/__init__.py", line 291, in load
[2020-06-01 16:13:51,633] [__shared__only___04_Create_Groups] [ERROR]:	**kw)
[2020-06-01 16:13:51,638] [__shared__only___04_Create_Groups] [ERROR]:	File "/usr/lib/python2.7/json/__init__.py", line 339, in loads
[2020-06-01 16:13:51,639] [__shared__only___04_Create_Groups] [ERROR]:	return _default_decoder.decode(s)
[2020-06-01 16:13:51,640] [__shared__only___04_Create_Groups] [ERROR]:	File "/usr/lib/python2.7/json/decoder.py", line 364, in decode
[2020-06-01 16:13:51,650] [__shared__only___04_Create_Groups] [ERROR]:	obj, end = self.raw_decode(s, idx=_w(s, 0).end())
[2020-06-01 16:13:51,662] [__shared__only___04_Create_Groups] [ERROR]:	File "/usr/lib/python2.7/json/decoder.py", line 382, in raw_decode
[2020-06-01 16:13:51,677] [__shared__only___04_Create_Groups] [ERROR]:	raise ValueError("No JSON object could be decoded")
[2020-06-01 16:13:51,683] [__shared__only___04_Create_Groups] [ERROR]:	ValueError: No JSON object could be decoded
[2020-06-01 16:13:51,701] [__shared__only___04_Create_Groups] [ERROR]:	unexpected error in "kronos_component_singularity_TASK_CREATE_GROUPS_function"
[2020-06-01 16:13:51,713] [__shared__only___04_Create_Groups] [ERROR]:	
[2020-06-01 16:13:51,715] [__shared__only___04_Create_Groups] [ERROR]:	Traceback (most recent call last):
[2020-06-01 16:13:51,715] [__shared__only___04_Create_Groups] [ERROR]:	File "/home/poahmadvand/py2env/lib/python2.7/site-packages/kronos/logger.py", line 188, in wrapper
[2020-06-01 16:13:51,716] [__shared__only___04_Create_Groups] [ERROR]:	res = func(*args, **kwargs)
[2020-06-01 16:13:51,717] [__shared__only___04_Create_Groups] [ERROR]:	File "/home/poahmadvand/py2env/lib/python2.7/site-packages/kronos/logger.py", line 154, in wrapper
[2020-06-01 16:13:51,718] [__shared__only___04_Create_Groups] [ERROR]:	res = func(*args, **kwargs)
[2020-06-01 16:13:51,718] [__shared__only___04_Create_Groups] [ERROR]:	File "/projects/ovcare/classification/pouya/components/PDAC_Binary_Pipeline/intermediate_pipeline_scripts/__shared__only___04_Create_Groups.py", line 63, in kronos_component_singularity_TASK_CREATE_GROUPS_function
[2020-06-01 16:13:51,719] [__shared__only___04_Create_Groups] [ERROR]:	run_script = rm.generate_script(TASK_CREATE_GROUPS_task, None, None)
[2020-06-01 16:13:51,720] [__shared__only___04_Create_Groups] [ERROR]:	File "/home/poahmadvand/py2env/lib/python2.7/site-packages/kronos/run_manager.py", line 113, in generate_script
[2020-06-01 16:13:51,720] [__shared__only___04_Create_Groups] [ERROR]:	cmd, cmd_args = component.make_cmd(chunk)
[2020-06-01 16:13:51,725] [__shared__only___04_Create_Groups] [ERROR]:	File "/projects/ovcare/classification/pouya/components/kronos_component_singularity/component_main.py", line 78, in make_cmd
[2020-06-01 16:13:51,728] [__shared__only___04_Create_Groups] [ERROR]:	self.get_location_args(args, path_args, config_args)
[2020-06-01 16:13:51,746] [__shared__only___04_Create_Groups] [ERROR]:	File "/projects/ovcare/classification/pouya/components/kronos_component_singularity/component_main.py", line 42, in get_location_args
[2020-06-01 16:13:51,750] [__shared__only___04_Create_Groups] [ERROR]:	data = json.load(json_file)
[2020-06-01 16:13:51,756] [__shared__only___04_Create_Groups] [ERROR]:	File "/usr/lib/python2.7/json/__init__.py", line 291, in load
[2020-06-01 16:13:51,757] [__shared__only___04_Create_Groups] [ERROR]:	**kw)
[2020-06-01 16:13:51,757] [__shared__only___04_Create_Groups] [ERROR]:	File "/usr/lib/python2.7/json/__init__.py", line 339, in loads
[2020-06-01 16:13:51,758] [__shared__only___04_Create_Groups] [ERROR]:	return _default_decoder.decode(s)
[2020-06-01 16:13:51,759] [__shared__only___04_Create_Groups] [ERROR]:	File "/usr/lib/python2.7/json/decoder.py", line 364, in decode
[2020-06-01 16:13:51,760] [__shared__only___04_Create_Groups] [ERROR]:	obj, end = self.raw_decode(s, idx=_w(s, 0).end())
[2020-06-01 16:13:51,760] [__shared__only___04_Create_Groups] [ERROR]:	File "/usr/lib/python2.7/json/decoder.py", line 382, in raw_decode
[2020-06-01 16:13:51,761] [__shared__only___04_Create_Groups] [ERROR]:	raise ValueError("No JSON object could be decoded")
[2020-06-01 16:13:51,764] [__shared__only___04_Create_Groups] [ERROR]:	ValueError: No JSON object could be decoded
[2020-06-01 16:13:51,940] [04_Create_Groups] [INFO]:	__shared__only___04_Create_Groups pipeline finished with exit code 255
[2020-06-01 16:13:51,940] [04_Create_Groups] [INFO]:	
[2020-06-01 16:13:51,945] [04_Create_Groups] [INFO]:	------------------------------
[2020-06-01 16:13:51,947] [04_Create_Groups] [INFO]:	 PIPELINE ENDS
[2020-06-01 16:13:51,948] [04_Create_Groups] [INFO]:	------------------------------
[2020-06-01 16:13:51,948] [04_Create_Groups] [INFO]:	finish date: 2020-06-01 16:13:51
[2020-06-01 16:13:51,949] [04_Create_Groups] [INFO]:	04_Create_Groups pipeline finished with exit code 98. Please check the logs.
