[2020-05-25 14:07:24,492] [01_Extract_Pathes] [INFO]:	------------------------------
[2020-05-25 14:07:24,493] [01_Extract_Pathes] [INFO]:	 PIPELINE RUN INFO
[2020-05-25 14:07:24,495] [01_Extract_Pathes] [INFO]:	------------------------------
[2020-05-25 14:07:24,496] [01_Extract_Pathes] [INFO]:	Kronos version: 2.3.0
[2020-05-25 14:07:24,497] [01_Extract_Pathes] [INFO]:	pipeline name: 01_Extract_Pathes
[2020-05-25 14:07:24,498] [01_Extract_Pathes] [INFO]:	run id: 2020-05-25_14-07-24
[2020-05-25 14:07:24,499] [01_Extract_Pathes] [INFO]:	launch date: 2020-05-25 14:07:24
[2020-05-25 14:07:24,500] [01_Extract_Pathes] [INFO]:	user: poahmadvand
[2020-05-25 14:07:24,501] [01_Extract_Pathes] [INFO]:	hostname: dlhost02
[2020-05-25 14:07:24,502] [01_Extract_Pathes] [INFO]:	command line arguments:
[2020-05-25 14:07:24,503] [01_Extract_Pathes] [INFO]:		drmaa_library_path		= lib/lx24-amd64/libdrmaa.so
[2020-05-25 14:07:24,504] [01_Extract_Pathes] [INFO]:		no_key_legend		= False
[2020-05-25 14:07:24,504] [01_Extract_Pathes] [INFO]:		extension		= png
[2020-05-25 14:07:24,505] [01_Extract_Pathes] [INFO]:		run_id		= None
[2020-05-25 14:07:24,506] [01_Extract_Pathes] [INFO]:		python_installation		= python
[2020-05-25 14:07:24,507] [01_Extract_Pathes] [INFO]:		num_pipelines		= 1
[2020-05-25 14:07:24,508] [01_Extract_Pathes] [INFO]:		no_prefix		= True
[2020-05-25 14:07:24,508] [01_Extract_Pathes] [INFO]:		components_dir		= /projects/ovcare/classification/pouya/components
[2020-05-25 14:07:24,509] [01_Extract_Pathes] [INFO]:		working_dir		= /projects/ovcare/classification/pouya/components/PDAC_Binary_Pipeline/2020-05-25_14-07-24
[2020-05-25 14:07:24,510] [01_Extract_Pathes] [INFO]:		print_only		= False
[2020-05-25 14:07:24,511] [01_Extract_Pathes] [INFO]:		pipeline_name		= 01_Extract_Pathes
[2020-05-25 14:07:24,512] [01_Extract_Pathes] [INFO]:		job_scheduler		= drmaa
[2020-05-25 14:07:24,512] [01_Extract_Pathes] [INFO]:		draw_vertically		= False
[2020-05-25 14:07:24,513] [01_Extract_Pathes] [INFO]:		log_file		= None
[2020-05-25 14:07:24,514] [01_Extract_Pathes] [INFO]:		qsub_options		= None
[2020-05-25 14:07:24,515] [01_Extract_Pathes] [INFO]:		num_jobs		= 1
[2020-05-25 14:07:24,515] [01_Extract_Pathes] [INFO]:	------------------------------
[2020-05-25 14:07:24,516] [01_Extract_Pathes] [INFO]:	 PIPELINE BEGINS
[2020-05-25 14:07:24,517] [01_Extract_Pathes] [INFO]:	------------------------------
[2020-05-25 14:07:24,633] [01_Extract_Pathes] [INFO]:	running __shared__only___01_Extract_Pathes pipeline with command: python /projects/ovcare/classification/pouya/components/PDAC_Binary_Pipeline/intermediate_pipeline_scripts/__shared__only___01_Extract_Pathes.py --drmaa_library_path 'lib/lx24-amd64/libdrmaa.so' --extension 'png' --run_id '2020-05-25_14-07-24' --python_installation 'python' --num_pipelines 1 --no_prefix --components_dir '/projects/ovcare/classification/pouya/components' --working_dir '/projects/ovcare/classification/pouya/components/PDAC_Binary_Pipeline/2020-05-25_14-07-24' --pipeline_name '__shared__only___01_Extract_Pathes' --job_scheduler 'drmaa' --sample_id '__shared__only__' --log_file '/projects/ovcare/classification/pouya/components/PDAC_Binary_Pipeline/2020-05-25_14-07-24/01_Extract_Pathes_2020-05-25_14-07-24.log' --num_jobs 1
[2020-05-25 14:07:24,634] [01_Extract_Pathes] [INFO]:	
[2020-05-25 14:07:25,002] [__shared__only___01_Extract_Pathes] [INFO]:	TASK_A for kronos_component_singularity started in __shared__only___01_Extract_Pathes pipeline
[2020-05-25 14:07:25,002] [__shared__only___01_Extract_Pathes] [INFO]:	
[2020-05-25 14:07:25,007] [__shared__only___01_Extract_Pathes] [INFO]:	Loc arg /projects/ovcare/WSI
[2020-05-25 14:07:25,008] [__shared__only___01_Extract_Pathes] [INFO]:	
[2020-05-25 14:07:25,009] [__shared__only___01_Extract_Pathes] [INFO]:	Loc arg /projects/ovcare/classification/Diagnostic_TCGA_PDAC_cases/slides
[2020-05-25 14:07:25,010] [__shared__only___01_Extract_Pathes] [INFO]:	
[2020-05-25 14:07:25,012] [__shared__only___01_Extract_Pathes] [INFO]:	Loc arg /projects/ovcare/classification/Diagnostic_TCGA_PDAC_cases/patches_1024
[2020-05-25 14:07:25,013] [__shared__only___01_Extract_Pathes] [INFO]:	
[2020-05-25 14:07:25,026] [__shared__only___01_Extract_Pathes] [INFO]:	Create dir: /projects/ovcare/classification/Diagnostic_TCGA_PDAC_cases/patches_1024
[2020-05-25 14:07:25,026] [__shared__only___01_Extract_Pathes] [INFO]:	
[2020-05-25 14:07:25,027] [__shared__only___01_Extract_Pathes] [INFO]:	Loc arg /projects/ovcare/classification/Diagnostic_TCGA_PDAC_cases/Annotated
[2020-05-25 14:07:25,028] [__shared__only___01_Extract_Pathes] [INFO]:	
[2020-05-25 14:07:25,029] [__shared__only___01_Extract_Pathes] [INFO]:	Loc arg /projects/ovcare/classification/pouya/components/PDAC_Binary_Pipeline/01_Extract_Pathes.json
[2020-05-25 14:07:25,030] [__shared__only___01_Extract_Pathes] [INFO]:	
[2020-05-25 14:07:26,043] [__shared__only___01_Extract_Pathes] [INFO]:	job 8786 ("TASK_A") has been launched locally
[2020-05-25 14:07:26,044] [__shared__only___01_Extract_Pathes] [INFO]:	
[2020-05-25 14:07:32,353] [01_Extract_Pathes] [INFO]:	__shared__only___01_Extract_Pathes pipeline finished with exit code 98
[2020-05-25 14:07:32,353] [01_Extract_Pathes] [INFO]:	
[2020-05-25 14:07:32,358] [01_Extract_Pathes] [INFO]:	------------------------------
[2020-05-25 14:07:32,359] [01_Extract_Pathes] [INFO]:	 PIPELINE ENDS
[2020-05-25 14:07:32,360] [01_Extract_Pathes] [INFO]:	------------------------------
[2020-05-25 14:07:32,360] [01_Extract_Pathes] [INFO]:	finish date: 2020-05-25 14:07:32
[2020-05-25 14:07:32,361] [01_Extract_Pathes] [INFO]:	01_Extract_Pathes pipeline finished with exit code 98. Please check the logs.
