[2020-05-26 13:27:55,998] [01_Extract_Pathes] [INFO]:	------------------------------
[2020-05-26 13:27:55,998] [01_Extract_Pathes] [INFO]:	 PIPELINE RUN INFO
[2020-05-26 13:27:56,021] [01_Extract_Pathes] [INFO]:	------------------------------
[2020-05-26 13:27:56,070] [01_Extract_Pathes] [INFO]:	Kronos version: 2.3.0
[2020-05-26 13:27:56,086] [01_Extract_Pathes] [INFO]:	pipeline name: 01_Extract_Pathes
[2020-05-26 13:27:56,118] [01_Extract_Pathes] [INFO]:	run id: 2020-05-26_13-27-55
[2020-05-26 13:27:56,154] [01_Extract_Pathes] [INFO]:	launch date: 2020-05-26 13:27:56
[2020-05-26 13:27:56,158] [01_Extract_Pathes] [INFO]:	user: poahmadvand
[2020-05-26 13:27:56,159] [01_Extract_Pathes] [INFO]:	hostname: dlhost02
[2020-05-26 13:27:56,160] [01_Extract_Pathes] [INFO]:	command line arguments:
[2020-05-26 13:27:56,162] [01_Extract_Pathes] [INFO]:		drmaa_library_path		= lib/lx24-amd64/libdrmaa.so
[2020-05-26 13:27:56,163] [01_Extract_Pathes] [INFO]:		no_key_legend		= False
[2020-05-26 13:27:56,164] [01_Extract_Pathes] [INFO]:		extension		= png
[2020-05-26 13:27:56,164] [01_Extract_Pathes] [INFO]:		run_id		= None
[2020-05-26 13:27:56,166] [01_Extract_Pathes] [INFO]:		python_installation		= python
[2020-05-26 13:27:56,166] [01_Extract_Pathes] [INFO]:		num_pipelines		= 1
[2020-05-26 13:27:56,167] [01_Extract_Pathes] [INFO]:		no_prefix		= True
[2020-05-26 13:27:56,168] [01_Extract_Pathes] [INFO]:		components_dir		= /projects/ovcare/classification/pouya/components
[2020-05-26 13:27:56,169] [01_Extract_Pathes] [INFO]:		working_dir		= /projects/ovcare/classification/pouya/components/PDAC_Binary_Pipeline/2020-05-26_13-27-55
[2020-05-26 13:27:56,169] [01_Extract_Pathes] [INFO]:		print_only		= False
[2020-05-26 13:27:56,170] [01_Extract_Pathes] [INFO]:		pipeline_name		= 01_Extract_Pathes
[2020-05-26 13:27:56,171] [01_Extract_Pathes] [INFO]:		job_scheduler		= drmaa
[2020-05-26 13:27:56,172] [01_Extract_Pathes] [INFO]:		draw_vertically		= False
[2020-05-26 13:27:56,172] [01_Extract_Pathes] [INFO]:		log_file		= None
[2020-05-26 13:27:56,173] [01_Extract_Pathes] [INFO]:		qsub_options		= None
[2020-05-26 13:27:56,173] [01_Extract_Pathes] [INFO]:		num_jobs		= 1
[2020-05-26 13:27:56,174] [01_Extract_Pathes] [INFO]:	------------------------------
[2020-05-26 13:27:56,175] [01_Extract_Pathes] [INFO]:	 PIPELINE BEGINS
[2020-05-26 13:27:56,176] [01_Extract_Pathes] [INFO]:	------------------------------
[2020-05-26 13:27:56,291] [01_Extract_Pathes] [INFO]:	running __shared__only___01_Extract_Pathes pipeline with command: python /projects/ovcare/classification/pouya/components/PDAC_Binary_Pipeline/intermediate_pipeline_scripts/__shared__only___01_Extract_Pathes.py --drmaa_library_path 'lib/lx24-amd64/libdrmaa.so' --extension 'png' --run_id '2020-05-26_13-27-55' --python_installation 'python' --num_pipelines 1 --no_prefix --components_dir '/projects/ovcare/classification/pouya/components' --working_dir '/projects/ovcare/classification/pouya/components/PDAC_Binary_Pipeline/2020-05-26_13-27-55' --pipeline_name '__shared__only___01_Extract_Pathes' --job_scheduler 'drmaa' --sample_id '__shared__only__' --log_file '/projects/ovcare/classification/pouya/components/PDAC_Binary_Pipeline/2020-05-26_13-27-55/01_Extract_Pathes_2020-05-26_13-27-55.log' --num_jobs 1
[2020-05-26 13:27:56,292] [01_Extract_Pathes] [INFO]:	
[2020-05-26 13:27:56,602] [__shared__only___01_Extract_Pathes] [INFO]:	TASK_A for kronos_component_singularity started in __shared__only___01_Extract_Pathes pipeline
[2020-05-26 13:27:56,602] [__shared__only___01_Extract_Pathes] [INFO]:	
[2020-05-26 13:27:56,604] [__shared__only___01_Extract_Pathes] [INFO]:	Loc arg /projects/ovcare/classification/Diagnostic_TCGA_PDAC_cases/slides
[2020-05-26 13:27:56,605] [__shared__only___01_Extract_Pathes] [INFO]:	
[2020-05-26 13:27:56,606] [__shared__only___01_Extract_Pathes] [INFO]:	Loc arg /projects/ovcare/classification/Diagnostic_TCGA_PDAC_cases/patches_1024
[2020-05-26 13:27:56,607] [__shared__only___01_Extract_Pathes] [INFO]:	
[2020-05-26 13:27:56,719] [__shared__only___01_Extract_Pathes] [INFO]:	Create dir: /projects/ovcare/classification/Diagnostic_TCGA_PDAC_cases/patches_1024
[2020-05-26 13:27:56,719] [__shared__only___01_Extract_Pathes] [INFO]:	
[2020-05-26 13:27:56,720] [__shared__only___01_Extract_Pathes] [INFO]:	Loc arg /projects/ovcare/classification/Diagnostic_TCGA_PDAC_cases/Annotated
[2020-05-26 13:27:56,721] [__shared__only___01_Extract_Pathes] [INFO]:	
[2020-05-26 13:27:56,722] [__shared__only___01_Extract_Pathes] [INFO]:	Loc arg /projects/ovcare/classification/pouya/components/PDAC_Binary_Pipeline/01_Extract_Pathes.json
[2020-05-26 13:27:56,723] [__shared__only___01_Extract_Pathes] [INFO]:	
[2020-05-26 13:27:57,734] [__shared__only___01_Extract_Pathes] [INFO]:	job 26445 ("TASK_A") has been launched locally
[2020-05-26 13:27:57,782] [__shared__only___01_Extract_Pathes] [INFO]:	
[2020-05-26 16:45:43,846] [01_Extract_Pathes] [INFO]:	__shared__only___01_Extract_Pathes pipeline finished with exit code 0
[2020-05-26 16:45:43,847] [01_Extract_Pathes] [INFO]:	
[2020-05-26 16:45:43,853] [01_Extract_Pathes] [INFO]:	------------------------------
[2020-05-26 16:45:43,854] [01_Extract_Pathes] [INFO]:	 PIPELINE ENDS
[2020-05-26 16:45:43,855] [01_Extract_Pathes] [INFO]:	------------------------------
[2020-05-26 16:45:43,856] [01_Extract_Pathes] [INFO]:	finish date: 2020-05-26 16:45:43
[2020-05-26 16:45:43,856] [01_Extract_Pathes] [INFO]:	01_Extract_Pathes pipeline finished with exit code 0. Please check the logs.
