[2020-05-27 05:32:29,591] [02_Preprocess] [INFO]:	------------------------------
[2020-05-27 05:32:29,591] [02_Preprocess] [INFO]:	 PIPELINE RUN INFO
[2020-05-27 05:32:29,593] [02_Preprocess] [INFO]:	------------------------------
[2020-05-27 05:32:29,593] [02_Preprocess] [INFO]:	Kronos version: 2.3.0
[2020-05-27 05:32:29,594] [02_Preprocess] [INFO]:	pipeline name: 02_Preprocess
[2020-05-27 05:32:29,595] [02_Preprocess] [INFO]:	run id: 2020-05-27_05-32-29
[2020-05-27 05:32:29,595] [02_Preprocess] [INFO]:	launch date: 2020-05-27 05:32:29
[2020-05-27 05:32:29,596] [02_Preprocess] [INFO]:	user: poahmadvand
[2020-05-27 05:32:29,597] [02_Preprocess] [INFO]:	hostname: dlhost02
[2020-05-27 05:32:29,597] [02_Preprocess] [INFO]:	command line arguments:
[2020-05-27 05:32:29,598] [02_Preprocess] [INFO]:		drmaa_library_path		= lib/lx24-amd64/libdrmaa.so
[2020-05-27 05:32:29,599] [02_Preprocess] [INFO]:		no_key_legend		= False
[2020-05-27 05:32:29,599] [02_Preprocess] [INFO]:		extension		= png
[2020-05-27 05:32:29,600] [02_Preprocess] [INFO]:		run_id		= None
[2020-05-27 05:32:29,600] [02_Preprocess] [INFO]:		python_installation		= python
[2020-05-27 05:32:29,601] [02_Preprocess] [INFO]:		num_pipelines		= 1
[2020-05-27 05:32:29,601] [02_Preprocess] [INFO]:		no_prefix		= True
[2020-05-27 05:32:29,602] [02_Preprocess] [INFO]:		components_dir		= /projects/ovcare/classification/pouya/components
[2020-05-27 05:32:29,602] [02_Preprocess] [INFO]:		working_dir		= /projects/ovcare/classification/pouya/components/PDAC_Binary_Pipeline/2020-05-27_05-32-29
[2020-05-27 05:32:29,603] [02_Preprocess] [INFO]:		print_only		= False
[2020-05-27 05:32:29,603] [02_Preprocess] [INFO]:		pipeline_name		= 02_Preprocess
[2020-05-27 05:32:29,604] [02_Preprocess] [INFO]:		job_scheduler		= drmaa
[2020-05-27 05:32:29,604] [02_Preprocess] [INFO]:		draw_vertically		= False
[2020-05-27 05:32:29,605] [02_Preprocess] [INFO]:		log_file		= None
[2020-05-27 05:32:29,605] [02_Preprocess] [INFO]:		qsub_options		= None
[2020-05-27 05:32:29,662] [02_Preprocess] [INFO]:		num_jobs		= 1
[2020-05-27 05:32:29,698] [02_Preprocess] [INFO]:	------------------------------
[2020-05-27 05:32:29,722] [02_Preprocess] [INFO]:	 PIPELINE BEGINS
[2020-05-27 05:32:29,750] [02_Preprocess] [INFO]:	------------------------------
[2020-05-27 05:32:29,917] [02_Preprocess] [INFO]:	running __shared__only___02_Preprocess pipeline with command: python /projects/ovcare/classification/pouya/components/PDAC_Binary_Pipeline/intermediate_pipeline_scripts/__shared__only___02_Preprocess.py --drmaa_library_path 'lib/lx24-amd64/libdrmaa.so' --extension 'png' --run_id '2020-05-27_05-32-29' --python_installation 'python' --num_pipelines 1 --no_prefix --components_dir '/projects/ovcare/classification/pouya/components' --working_dir '/projects/ovcare/classification/pouya/components/PDAC_Binary_Pipeline/2020-05-27_05-32-29' --pipeline_name '__shared__only___02_Preprocess' --job_scheduler 'drmaa' --sample_id '__shared__only__' --log_file '/projects/ovcare/classification/pouya/components/PDAC_Binary_Pipeline/2020-05-27_05-32-29/02_Preprocess_2020-05-27_05-32-29.log' --num_jobs 1
[2020-05-27 05:32:29,918] [02_Preprocess] [INFO]:	
[2020-05-27 05:32:30,720] [__shared__only___02_Preprocess] [INFO]:	TASK_DIVIDE_WORK for kronos_component_singularity started in __shared__only___02_Preprocess pipeline
[2020-05-27 05:32:30,720] [__shared__only___02_Preprocess] [INFO]:	
[2020-05-27 05:32:30,721] [__shared__only___02_Preprocess] [INFO]:	Loc arg /projects/ovcare/classification/Diagnostic_TCGA_PDAC_cases/work
[2020-05-27 05:32:30,721] [__shared__only___02_Preprocess] [INFO]:	
[2020-05-27 05:32:30,725] [__shared__only___02_Preprocess] [INFO]:	Create dir: /projects/ovcare/classification/Diagnostic_TCGA_PDAC_cases/work
[2020-05-27 05:32:30,726] [__shared__only___02_Preprocess] [INFO]:	
[2020-05-27 05:32:30,726] [__shared__only___02_Preprocess] [INFO]:	Loc arg /projects/ovcare/classification/Diagnostic_TCGA_PDAC_cases/patches_1024
[2020-05-27 05:32:30,727] [__shared__only___02_Preprocess] [INFO]:	
[2020-05-27 05:32:31,737] [__shared__only___02_Preprocess] [INFO]:	job 47361 ("TASK_DIVIDE_WORK") has been launched locally
[2020-05-27 05:32:31,738] [__shared__only___02_Preprocess] [INFO]:	
[2020-05-27 05:34:41,938] [__shared__only___02_Preprocess] [INFO]:	TASK_DOWNSAMPLE_DATA for kronos_component_singularity started in __shared__only___02_Preprocess pipeline
[2020-05-27 05:34:41,974] [__shared__only___02_Preprocess] [INFO]:	
[2020-05-27 05:34:42,129] [__shared__only___02_Preprocess] [INFO]:	Loc arg /projects/ovcare/classification/Diagnostic_TCGA_PDAC_cases/work
[2020-05-27 05:34:42,163] [__shared__only___02_Preprocess] [INFO]:	
[2020-05-27 05:34:42,168] [__shared__only___02_Preprocess] [INFO]:	Loc arg /projects/ovcare/classification/Diagnostic_TCGA_PDAC_cases/patches_256
[2020-05-27 05:34:42,169] [__shared__only___02_Preprocess] [INFO]:	
[2020-05-27 05:34:42,172] [__shared__only___02_Preprocess] [INFO]:	Create dir: /projects/ovcare/classification/Diagnostic_TCGA_PDAC_cases/patches_256
[2020-05-27 05:34:42,181] [__shared__only___02_Preprocess] [INFO]:	
[2020-05-27 05:34:42,222] [__shared__only___02_Preprocess] [INFO]:	Loc arg /projects/ovcare/classification/Diagnostic_TCGA_PDAC_cases/patches_1024
[2020-05-27 05:34:42,254] [__shared__only___02_Preprocess] [INFO]:	
[2020-05-27 05:34:42,298] [__shared__only___02_Preprocess] [INFO]:	Loc arg /projects/ovcare/classification/pouya/components/PDAC_Binary_Pipeline/02_Preprocess.json
[2020-05-27 05:34:42,314] [__shared__only___02_Preprocess] [INFO]:	
[2020-05-27 05:34:43,483] [__shared__only___02_Preprocess] [INFO]:	job 47450 ("TASK_DOWNSAMPLE_DATA") has been launched locally
[2020-05-27 05:34:43,484] [__shared__only___02_Preprocess] [INFO]:	
[2020-05-27 13:56:08,771] [02_Preprocess] [INFO]:	__shared__only___02_Preprocess pipeline finished with exit code 0
[2020-05-27 13:56:08,772] [02_Preprocess] [INFO]:	
[2020-05-27 13:56:08,778] [02_Preprocess] [INFO]:	------------------------------
[2020-05-27 13:56:08,779] [02_Preprocess] [INFO]:	 PIPELINE ENDS
[2020-05-27 13:56:08,779] [02_Preprocess] [INFO]:	------------------------------
[2020-05-27 13:56:08,780] [02_Preprocess] [INFO]:	finish date: 2020-05-27 13:56:08
[2020-05-27 13:56:08,781] [02_Preprocess] [INFO]:	02_Preprocess pipeline finished with exit code 0. Please check the logs.
