[2020-05-26 07:34:07,727] [02_Preprocess] [INFO]:	------------------------------
[2020-05-26 07:34:07,727] [02_Preprocess] [INFO]:	 PIPELINE RUN INFO
[2020-05-26 07:34:07,729] [02_Preprocess] [INFO]:	------------------------------
[2020-05-26 07:34:07,730] [02_Preprocess] [INFO]:	Kronos version: 2.3.0
[2020-05-26 07:34:07,730] [02_Preprocess] [INFO]:	pipeline name: 02_Preprocess
[2020-05-26 07:34:07,731] [02_Preprocess] [INFO]:	run id: 2020-05-26_07-34-07
[2020-05-26 07:34:07,731] [02_Preprocess] [INFO]:	launch date: 2020-05-26 07:34:07
[2020-05-26 07:34:07,732] [02_Preprocess] [INFO]:	user: poahmadvand
[2020-05-26 07:34:07,733] [02_Preprocess] [INFO]:	hostname: dlhost02
[2020-05-26 07:34:07,733] [02_Preprocess] [INFO]:	command line arguments:
[2020-05-26 07:34:07,734] [02_Preprocess] [INFO]:		drmaa_library_path		= lib/lx24-amd64/libdrmaa.so
[2020-05-26 07:34:07,734] [02_Preprocess] [INFO]:		no_key_legend		= False
[2020-05-26 07:34:07,735] [02_Preprocess] [INFO]:		extension		= png
[2020-05-26 07:34:07,736] [02_Preprocess] [INFO]:		run_id		= None
[2020-05-26 07:34:07,736] [02_Preprocess] [INFO]:		python_installation		= python
[2020-05-26 07:34:07,737] [02_Preprocess] [INFO]:		num_pipelines		= 1
[2020-05-26 07:34:07,737] [02_Preprocess] [INFO]:		no_prefix		= True
[2020-05-26 07:34:07,738] [02_Preprocess] [INFO]:		components_dir		= /projects/ovcare/classification/pouya/components
[2020-05-26 07:34:07,738] [02_Preprocess] [INFO]:		working_dir		= /projects/ovcare/classification/pouya/components/PDAC_Binary_Pipeline/2020-05-26_07-34-07
[2020-05-26 07:34:07,739] [02_Preprocess] [INFO]:		print_only		= False
[2020-05-26 07:34:07,739] [02_Preprocess] [INFO]:		pipeline_name		= 02_Preprocess
[2020-05-26 07:34:07,740] [02_Preprocess] [INFO]:		job_scheduler		= drmaa
[2020-05-26 07:34:07,740] [02_Preprocess] [INFO]:		draw_vertically		= False
[2020-05-26 07:34:07,741] [02_Preprocess] [INFO]:		log_file		= None
[2020-05-26 07:34:07,741] [02_Preprocess] [INFO]:		qsub_options		= None
[2020-05-26 07:34:07,742] [02_Preprocess] [INFO]:		num_jobs		= 1
[2020-05-26 07:34:07,742] [02_Preprocess] [INFO]:	------------------------------
[2020-05-26 07:34:07,743] [02_Preprocess] [INFO]:	 PIPELINE BEGINS
[2020-05-26 07:34:07,743] [02_Preprocess] [INFO]:	------------------------------
[2020-05-26 07:34:07,854] [02_Preprocess] [INFO]:	running __shared__only___02_Preprocess pipeline with command: python /projects/ovcare/classification/pouya/components/PDAC_Binary_Pipeline/intermediate_pipeline_scripts/__shared__only___02_Preprocess.py --drmaa_library_path 'lib/lx24-amd64/libdrmaa.so' --extension 'png' --run_id '2020-05-26_07-34-07' --python_installation 'python' --num_pipelines 1 --no_prefix --components_dir '/projects/ovcare/classification/pouya/components' --working_dir '/projects/ovcare/classification/pouya/components/PDAC_Binary_Pipeline/2020-05-26_07-34-07' --pipeline_name '__shared__only___02_Preprocess' --job_scheduler 'drmaa' --sample_id '__shared__only__' --log_file '/projects/ovcare/classification/pouya/components/PDAC_Binary_Pipeline/2020-05-26_07-34-07/02_Preprocess_2020-05-26_07-34-07.log' --num_jobs 1
[2020-05-26 07:34:07,854] [02_Preprocess] [INFO]:	
[2020-05-26 07:34:08,098] [__shared__only___02_Preprocess] [INFO]:	TASK_DIVIDE_WORK for kronos_component_singularity started in __shared__only___02_Preprocess pipeline
[2020-05-26 07:34:08,098] [__shared__only___02_Preprocess] [INFO]:	
[2020-05-26 07:34:08,099] [__shared__only___02_Preprocess] [INFO]:	Loc arg /projects/ovcare/classification/Diagnostic_TCGA_PDAC_cases/work
[2020-05-26 07:34:08,100] [__shared__only___02_Preprocess] [INFO]:	
[2020-05-26 07:34:08,102] [__shared__only___02_Preprocess] [INFO]:	Loc arg /projects/ovcare/classification/Diagnostic_TCGA_PDAC_cases/patches_1024
[2020-05-26 07:34:08,102] [__shared__only___02_Preprocess] [INFO]:	
[2020-05-26 07:34:09,114] [__shared__only___02_Preprocess] [INFO]:	job 21851 ("TASK_DIVIDE_WORK") has been launched locally
[2020-05-26 07:34:09,115] [__shared__only___02_Preprocess] [INFO]:	
[2020-05-26 07:34:39,283] [__shared__only___02_Preprocess] [INFO]:	TASK_DOWNSAMPLE_DATA for kronos_component_singularity started in __shared__only___02_Preprocess pipeline
[2020-05-26 07:34:39,283] [__shared__only___02_Preprocess] [INFO]:	
[2020-05-26 07:34:39,286] [__shared__only___02_Preprocess] [INFO]:	Loc arg /projects/ovcare/classification/Diagnostic_TCGA_PDAC_cases/work
[2020-05-26 07:34:39,287] [__shared__only___02_Preprocess] [INFO]:	
[2020-05-26 07:34:39,287] [__shared__only___02_Preprocess] [INFO]:	Loc arg /projects/ovcare/classification/Diagnostic_TCGA_PDAC_cases/patches_256
[2020-05-26 07:34:39,288] [__shared__only___02_Preprocess] [INFO]:	
[2020-05-26 07:34:39,290] [__shared__only___02_Preprocess] [INFO]:	Create dir: /projects/ovcare/classification/Diagnostic_TCGA_PDAC_cases/patches_256
[2020-05-26 07:34:39,291] [__shared__only___02_Preprocess] [INFO]:	
[2020-05-26 07:34:39,291] [__shared__only___02_Preprocess] [INFO]:	Loc arg /projects/ovcare/classification/Diagnostic_TCGA_PDAC_cases/patches_1024
[2020-05-26 07:34:39,292] [__shared__only___02_Preprocess] [INFO]:	
[2020-05-26 07:34:39,293] [__shared__only___02_Preprocess] [INFO]:	Loc arg /projects/ovcare/classification/pouya/components/PDAC_Binary_Pipeline/02_Preprocess.json
[2020-05-26 07:34:39,293] [__shared__only___02_Preprocess] [INFO]:	
[2020-05-26 07:34:40,325] [__shared__only___02_Preprocess] [INFO]:	job 21912 ("TASK_DOWNSAMPLE_DATA") has been launched locally
[2020-05-26 07:34:40,326] [__shared__only___02_Preprocess] [INFO]:	
[2020-05-26 11:15:56,567] [__shared__only___02_Preprocess] [INFO]:	TASK_SORT_PATCHES_BY_LABEL for kronos_component_singularity started in __shared__only___02_Preprocess pipeline
[2020-05-26 11:15:56,567] [__shared__only___02_Preprocess] [INFO]:	
[2020-05-26 11:15:56,570] [__shared__only___02_Preprocess] [INFO]:	Loc arg /projects/ovcare/classification/Diagnostic_TCGA_PDAC_cases/patches_256
[2020-05-26 11:15:56,571] [__shared__only___02_Preprocess] [INFO]:	
[2020-05-26 11:15:56,572] [__shared__only___02_Preprocess] [INFO]:	Loc arg /projects/ovcare/classification/Diagnostic_TCGA_PDAC_cases/patches_256_sorted
[2020-05-26 11:15:56,573] [__shared__only___02_Preprocess] [INFO]:	
[2020-05-26 11:15:56,592] [__shared__only___02_Preprocess] [INFO]:	Create dir: /projects/ovcare/classification/Diagnostic_TCGA_PDAC_cases/patches_256_sorted
[2020-05-26 11:15:56,592] [__shared__only___02_Preprocess] [INFO]:	
[2020-05-26 11:15:56,593] [__shared__only___02_Preprocess] [INFO]:	Loc arg /projects/ovcare/classification/Diagnostic_TCGA_PDAC_cases/labels_file.txt
[2020-05-26 11:15:56,594] [__shared__only___02_Preprocess] [INFO]:	
[2020-05-26 11:15:57,615] [__shared__only___02_Preprocess] [INFO]:	job 24737 ("TASK_SORT_PATCHES_BY_LABEL") has been launched locally
[2020-05-26 11:15:57,616] [__shared__only___02_Preprocess] [INFO]:	
[2020-05-26 11:16:00,085] [02_Preprocess] [INFO]:	__shared__only___02_Preprocess pipeline finished with exit code 98
[2020-05-26 11:16:00,085] [02_Preprocess] [INFO]:	
[2020-05-26 11:16:00,090] [02_Preprocess] [INFO]:	------------------------------
[2020-05-26 11:16:00,091] [02_Preprocess] [INFO]:	 PIPELINE ENDS
[2020-05-26 11:16:00,091] [02_Preprocess] [INFO]:	------------------------------
[2020-05-26 11:16:00,092] [02_Preprocess] [INFO]:	finish date: 2020-05-26 11:16:00
[2020-05-26 11:16:00,092] [02_Preprocess] [INFO]:	02_Preprocess pipeline finished with exit code 98. Please check the logs.
