[2020-05-25 14:21:44,362] [01_Extract_Pathes] [INFO]:	------------------------------
[2020-05-25 14:21:44,363] [01_Extract_Pathes] [INFO]:	 PIPELINE RUN INFO
[2020-05-25 14:21:44,365] [01_Extract_Pathes] [INFO]:	------------------------------
[2020-05-25 14:21:44,366] [01_Extract_Pathes] [INFO]:	Kronos version: 2.3.0
[2020-05-25 14:21:44,366] [01_Extract_Pathes] [INFO]:	pipeline name: 01_Extract_Pathes
[2020-05-25 14:21:44,367] [01_Extract_Pathes] [INFO]:	run id: 2020-05-25_14-21-44
[2020-05-25 14:21:44,368] [01_Extract_Pathes] [INFO]:	launch date: 2020-05-25 14:21:44
[2020-05-25 14:21:44,369] [01_Extract_Pathes] [INFO]:	user: poahmadvand
[2020-05-25 14:21:44,370] [01_Extract_Pathes] [INFO]:	hostname: dlhost02
[2020-05-25 14:21:44,370] [01_Extract_Pathes] [INFO]:	command line arguments:
[2020-05-25 14:21:44,371] [01_Extract_Pathes] [INFO]:		drmaa_library_path		= lib/lx24-amd64/libdrmaa.so
[2020-05-25 14:21:44,372] [01_Extract_Pathes] [INFO]:		no_key_legend		= False
[2020-05-25 14:21:44,373] [01_Extract_Pathes] [INFO]:		extension		= png
[2020-05-25 14:21:44,373] [01_Extract_Pathes] [INFO]:		run_id		= None
[2020-05-25 14:21:44,374] [01_Extract_Pathes] [INFO]:		python_installation		= python
[2020-05-25 14:21:44,375] [01_Extract_Pathes] [INFO]:		num_pipelines		= 1
[2020-05-25 14:21:44,375] [01_Extract_Pathes] [INFO]:		no_prefix		= True
[2020-05-25 14:21:44,376] [01_Extract_Pathes] [INFO]:		components_dir		= /projects/ovcare/classification/pouya/components
[2020-05-25 14:21:44,377] [01_Extract_Pathes] [INFO]:		working_dir		= /projects/ovcare/classification/pouya/components/PDAC_Binary_Pipeline/2020-05-25_14-21-44
[2020-05-25 14:21:44,378] [01_Extract_Pathes] [INFO]:		print_only		= False
[2020-05-25 14:21:44,378] [01_Extract_Pathes] [INFO]:		pipeline_name		= 01_Extract_Pathes
[2020-05-25 14:21:44,379] [01_Extract_Pathes] [INFO]:		job_scheduler		= drmaa
[2020-05-25 14:21:44,379] [01_Extract_Pathes] [INFO]:		draw_vertically		= False
[2020-05-25 14:21:44,380] [01_Extract_Pathes] [INFO]:		log_file		= None
[2020-05-25 14:21:44,381] [01_Extract_Pathes] [INFO]:		qsub_options		= None
[2020-05-25 14:21:44,381] [01_Extract_Pathes] [INFO]:		num_jobs		= 1
[2020-05-25 14:21:44,382] [01_Extract_Pathes] [INFO]:	------------------------------
[2020-05-25 14:21:44,383] [01_Extract_Pathes] [INFO]:	 PIPELINE BEGINS
[2020-05-25 14:21:44,384] [01_Extract_Pathes] [INFO]:	------------------------------
[2020-05-25 14:21:44,495] [01_Extract_Pathes] [INFO]:	running __shared__only___01_Extract_Pathes pipeline with command: python /projects/ovcare/classification/pouya/components/PDAC_Binary_Pipeline/intermediate_pipeline_scripts/__shared__only___01_Extract_Pathes.py --drmaa_library_path 'lib/lx24-amd64/libdrmaa.so' --extension 'png' --run_id '2020-05-25_14-21-44' --python_installation 'python' --num_pipelines 1 --no_prefix --components_dir '/projects/ovcare/classification/pouya/components' --working_dir '/projects/ovcare/classification/pouya/components/PDAC_Binary_Pipeline/2020-05-25_14-21-44' --pipeline_name '__shared__only___01_Extract_Pathes' --job_scheduler 'drmaa' --sample_id '__shared__only__' --log_file '/projects/ovcare/classification/pouya/components/PDAC_Binary_Pipeline/2020-05-25_14-21-44/01_Extract_Pathes_2020-05-25_14-21-44.log' --num_jobs 1
[2020-05-25 14:21:44,496] [01_Extract_Pathes] [INFO]:	
[2020-05-25 14:21:44,761] [__shared__only___01_Extract_Pathes] [INFO]:	TASK_A for kronos_component_singularity started in __shared__only___01_Extract_Pathes pipeline
[2020-05-25 14:21:44,761] [__shared__only___01_Extract_Pathes] [INFO]:	
[2020-05-25 14:21:44,763] [__shared__only___01_Extract_Pathes] [INFO]:	Loc arg /projects/ovcare/classification/Diagnostic_TCGA_PDAC_cases/slides
[2020-05-25 14:21:44,764] [__shared__only___01_Extract_Pathes] [INFO]:	
[2020-05-25 14:21:44,765] [__shared__only___01_Extract_Pathes] [INFO]:	Loc arg /projects/ovcare/classification/Diagnostic_TCGA_PDAC_cases/patches_1024
[2020-05-25 14:21:44,766] [__shared__only___01_Extract_Pathes] [INFO]:	
[2020-05-25 14:21:44,767] [__shared__only___01_Extract_Pathes] [INFO]:	Loc arg /projects/ovcare/classification/Diagnostic_TCGA_PDAC_cases/Annotated
[2020-05-25 14:21:44,768] [__shared__only___01_Extract_Pathes] [INFO]:	
[2020-05-25 14:21:44,769] [__shared__only___01_Extract_Pathes] [INFO]:	Loc arg /projects/ovcare/classification/pouya/components/PDAC_Binary_Pipeline/01_Extract_Pathes.json
[2020-05-25 14:21:44,770] [__shared__only___01_Extract_Pathes] [INFO]:	
[2020-05-25 14:21:45,783] [__shared__only___01_Extract_Pathes] [INFO]:	job 9133 ("TASK_A") has been launched locally
[2020-05-25 14:21:45,784] [__shared__only___01_Extract_Pathes] [INFO]:	
[2020-05-26 00:22:02,485] [01_Extract_Pathes] [INFO]:	__shared__only___01_Extract_Pathes pipeline finished with exit code 98
[2020-05-26 00:22:02,486] [01_Extract_Pathes] [INFO]:	
[2020-05-26 00:22:02,492] [01_Extract_Pathes] [INFO]:	------------------------------
[2020-05-26 00:22:02,493] [01_Extract_Pathes] [INFO]:	 PIPELINE ENDS
[2020-05-26 00:22:02,494] [01_Extract_Pathes] [INFO]:	------------------------------
[2020-05-26 00:22:02,494] [01_Extract_Pathes] [INFO]:	finish date: 2020-05-26 00:22:02
[2020-05-26 00:22:02,495] [01_Extract_Pathes] [INFO]:	01_Extract_Pathes pipeline finished with exit code 98. Please check the logs.
