[2020-06-05 18:36:47,083] [05_Create_Train_Files] [INFO]:	------------------------------
[2020-06-05 18:36:47,083] [05_Create_Train_Files] [INFO]:	 PIPELINE RUN INFO
[2020-06-05 18:36:47,085] [05_Create_Train_Files] [INFO]:	------------------------------
[2020-06-05 18:36:47,085] [05_Create_Train_Files] [INFO]:	Kronos version: 2.3.0
[2020-06-05 18:36:47,086] [05_Create_Train_Files] [INFO]:	pipeline name: 05_Create_Train_Files
[2020-06-05 18:36:47,086] [05_Create_Train_Files] [INFO]:	run id: 2020-06-05_18-36-47
[2020-06-05 18:36:47,087] [05_Create_Train_Files] [INFO]:	launch date: 2020-06-05 18:36:47
[2020-06-05 18:36:47,088] [05_Create_Train_Files] [INFO]:	user: poahmadvand
[2020-06-05 18:36:47,088] [05_Create_Train_Files] [INFO]:	hostname: dlhost04
[2020-06-05 18:36:47,089] [05_Create_Train_Files] [INFO]:	command line arguments:
[2020-06-05 18:36:47,090] [05_Create_Train_Files] [INFO]:		drmaa_library_path		= lib/lx24-amd64/libdrmaa.so
[2020-06-05 18:36:47,090] [05_Create_Train_Files] [INFO]:		no_key_legend		= False
[2020-06-05 18:36:47,091] [05_Create_Train_Files] [INFO]:		extension		= png
[2020-06-05 18:36:47,091] [05_Create_Train_Files] [INFO]:		run_id		= None
[2020-06-05 18:36:47,092] [05_Create_Train_Files] [INFO]:		python_installation		= python
[2020-06-05 18:36:47,092] [05_Create_Train_Files] [INFO]:		num_pipelines		= 1
[2020-06-05 18:36:47,093] [05_Create_Train_Files] [INFO]:		no_prefix		= True
[2020-06-05 18:36:47,093] [05_Create_Train_Files] [INFO]:		components_dir		= /projects/ovcare/classification/pouya/components
[2020-06-05 18:36:47,094] [05_Create_Train_Files] [INFO]:		working_dir		= /projects/ovcare/classification/pouya/components/PDAC_Binary_Pipeline/2020-06-05_18-36-47
[2020-06-05 18:36:47,094] [05_Create_Train_Files] [INFO]:		print_only		= False
[2020-06-05 18:36:47,095] [05_Create_Train_Files] [INFO]:		pipeline_name		= 05_Create_Train_Files
[2020-06-05 18:36:47,095] [05_Create_Train_Files] [INFO]:		job_scheduler		= drmaa
[2020-06-05 18:36:47,096] [05_Create_Train_Files] [INFO]:		draw_vertically		= False
[2020-06-05 18:36:47,096] [05_Create_Train_Files] [INFO]:		log_file		= None
[2020-06-05 18:36:47,097] [05_Create_Train_Files] [INFO]:		qsub_options		= None
[2020-06-05 18:36:47,097] [05_Create_Train_Files] [INFO]:		num_jobs		= 1
[2020-06-05 18:36:47,098] [05_Create_Train_Files] [INFO]:	------------------------------
[2020-06-05 18:36:47,099] [05_Create_Train_Files] [INFO]:	 PIPELINE BEGINS
[2020-06-05 18:36:47,099] [05_Create_Train_Files] [INFO]:	------------------------------
[2020-06-05 18:36:47,219] [05_Create_Train_Files] [INFO]:	running __shared__only___05_Create_Train_Files pipeline with command: python /projects/ovcare/classification/pouya/components/PDAC_Binary_Pipeline/intermediate_pipeline_scripts/__shared__only___05_Create_Train_Files.py --drmaa_library_path 'lib/lx24-amd64/libdrmaa.so' --extension 'png' --run_id '2020-06-05_18-36-47' --python_installation 'python' --num_pipelines 1 --no_prefix --components_dir '/projects/ovcare/classification/pouya/components' --working_dir '/projects/ovcare/classification/pouya/components/PDAC_Binary_Pipeline/2020-06-05_18-36-47' --pipeline_name '__shared__only___05_Create_Train_Files' --job_scheduler 'drmaa' --sample_id '__shared__only__' --log_file '/projects/ovcare/classification/pouya/components/PDAC_Binary_Pipeline/2020-06-05_18-36-47/05_Create_Train_Files_2020-06-05_18-36-47.log' --num_jobs 1
[2020-06-05 18:36:47,220] [05_Create_Train_Files] [INFO]:	
[2020-06-05 18:36:47,770] [__shared__only___05_Create_Train_Files] [INFO]:	TASK_CREATE_TRAINING_FILES_3 for kronos_component_singularity started in __shared__only___05_Create_Train_Files pipeline
[2020-06-05 18:36:47,770] [__shared__only___05_Create_Train_Files] [INFO]:	
[2020-06-05 18:36:47,771] [__shared__only___05_Create_Train_Files] [INFO]:	Loc arg /projects/ovcare/classification/Diagnostic_TCGA_PDAC_cases/patches_256_sorted/chunks.json
[2020-06-05 18:36:47,772] [__shared__only___05_Create_Train_Files] [INFO]:	
[2020-06-05 18:36:47,773] [__shared__only___05_Create_Train_Files] [INFO]:	Loc arg /projects/ovcare/classification/
[2020-06-05 18:36:47,774] [__shared__only___05_Create_Train_Files] [INFO]:	
[2020-06-05 18:36:47,774] [__shared__only___05_Create_Train_Files] [INFO]:	Loc arg /projects/ovcare/classification/Diagnostic_TCGA_PDAC_cases/training_chunks_3.json
[2020-06-05 18:36:47,775] [__shared__only___05_Create_Train_Files] [INFO]:	
[2020-06-05 18:36:48,788] [__shared__only___05_Create_Train_Files] [INFO]:	job 34983 ("TASK_CREATE_TRAINING_FILES_3") has been launched locally
[2020-06-05 18:36:48,789] [__shared__only___05_Create_Train_Files] [INFO]:	
[2020-06-05 18:36:50,826] [__shared__only___05_Create_Train_Files] [INFO]:	TASK_CREATE_TRAINING_FILES_2 for kronos_component_singularity started in __shared__only___05_Create_Train_Files pipeline
[2020-06-05 18:36:50,827] [__shared__only___05_Create_Train_Files] [INFO]:	
[2020-06-05 18:36:50,827] [__shared__only___05_Create_Train_Files] [INFO]:	Loc arg /projects/ovcare/classification/Diagnostic_TCGA_PDAC_cases/patches_256_sorted/chunks.json
[2020-06-05 18:36:50,828] [__shared__only___05_Create_Train_Files] [INFO]:	
[2020-06-05 18:36:50,829] [__shared__only___05_Create_Train_Files] [INFO]:	Loc arg /projects/ovcare/classification
[2020-06-05 18:36:50,829] [__shared__only___05_Create_Train_Files] [INFO]:	
[2020-06-05 18:36:50,830] [__shared__only___05_Create_Train_Files] [INFO]:	Loc arg /projects/ovcare/classification/Diagnostic_TCGA_PDAC_cases/training_chunks_2.json
[2020-06-05 18:36:50,831] [__shared__only___05_Create_Train_Files] [INFO]:	
[2020-06-05 18:36:51,844] [__shared__only___05_Create_Train_Files] [INFO]:	job 35001 ("TASK_CREATE_TRAINING_FILES_2") has been launched locally
[2020-06-05 18:36:51,845] [__shared__only___05_Create_Train_Files] [INFO]:	
[2020-06-05 18:36:53,874] [__shared__only___05_Create_Train_Files] [INFO]:	TASK_CREATE_TRAINING_FILES_1 for kronos_component_singularity started in __shared__only___05_Create_Train_Files pipeline
[2020-06-05 18:36:53,875] [__shared__only___05_Create_Train_Files] [INFO]:	
[2020-06-05 18:36:53,876] [__shared__only___05_Create_Train_Files] [INFO]:	Loc arg /projects/ovcare/classification/Diagnostic_TCGA_PDAC_cases/patches_256_sorted/chunks.json
[2020-06-05 18:36:53,877] [__shared__only___05_Create_Train_Files] [INFO]:	
[2020-06-05 18:36:53,877] [__shared__only___05_Create_Train_Files] [INFO]:	Loc arg /projects/ovcare/classification
[2020-06-05 18:36:53,878] [__shared__only___05_Create_Train_Files] [INFO]:	
[2020-06-05 18:36:53,879] [__shared__only___05_Create_Train_Files] [INFO]:	Loc arg /projects/ovcare/classification/Diagnostic_TCGA_PDAC_cases/training_chunks_1.json
[2020-06-05 18:36:53,880] [__shared__only___05_Create_Train_Files] [INFO]:	
[2020-06-05 18:36:54,905] [__shared__only___05_Create_Train_Files] [INFO]:	job 35017 ("TASK_CREATE_TRAINING_FILES_1") has been launched locally
[2020-06-05 18:36:54,906] [__shared__only___05_Create_Train_Files] [INFO]:	
[2020-06-05 18:36:57,228] [05_Create_Train_Files] [INFO]:	__shared__only___05_Create_Train_Files pipeline finished with exit code 98
[2020-06-05 18:36:57,228] [05_Create_Train_Files] [INFO]:	
[2020-06-05 18:36:57,233] [05_Create_Train_Files] [INFO]:	------------------------------
[2020-06-05 18:36:57,234] [05_Create_Train_Files] [INFO]:	 PIPELINE ENDS
[2020-06-05 18:36:57,234] [05_Create_Train_Files] [INFO]:	------------------------------
[2020-06-05 18:36:57,235] [05_Create_Train_Files] [INFO]:	finish date: 2020-06-05 18:36:57
[2020-06-05 18:36:57,235] [05_Create_Train_Files] [INFO]:	05_Create_Train_Files pipeline finished with exit code 98. Please check the logs.
