[2020-05-26 07:31:05,299] [02_Preprocess] [INFO]:	------------------------------
[2020-05-26 07:31:05,299] [02_Preprocess] [INFO]:	 PIPELINE RUN INFO
[2020-05-26 07:31:05,301] [02_Preprocess] [INFO]:	------------------------------
[2020-05-26 07:31:05,301] [02_Preprocess] [INFO]:	Kronos version: 2.3.0
[2020-05-26 07:31:05,302] [02_Preprocess] [INFO]:	pipeline name: 02_Preprocess
[2020-05-26 07:31:05,302] [02_Preprocess] [INFO]:	run id: 2020-05-26_07-31-05
[2020-05-26 07:31:05,303] [02_Preprocess] [INFO]:	launch date: 2020-05-26 07:31:05
[2020-05-26 07:31:05,303] [02_Preprocess] [INFO]:	user: poahmadvand
[2020-05-26 07:31:05,304] [02_Preprocess] [INFO]:	hostname: dlhost02
[2020-05-26 07:31:05,305] [02_Preprocess] [INFO]:	command line arguments:
[2020-05-26 07:31:05,305] [02_Preprocess] [INFO]:		drmaa_library_path		= lib/lx24-amd64/libdrmaa.so
[2020-05-26 07:31:05,306] [02_Preprocess] [INFO]:		no_key_legend		= False
[2020-05-26 07:31:05,307] [02_Preprocess] [INFO]:		extension		= png
[2020-05-26 07:31:05,307] [02_Preprocess] [INFO]:		run_id		= None
[2020-05-26 07:31:05,308] [02_Preprocess] [INFO]:		python_installation		= python
[2020-05-26 07:31:05,308] [02_Preprocess] [INFO]:		num_pipelines		= 1
[2020-05-26 07:31:05,309] [02_Preprocess] [INFO]:		no_prefix		= True
[2020-05-26 07:31:05,310] [02_Preprocess] [INFO]:		components_dir		= /projects/ovcare/classification/pouya/components
[2020-05-26 07:31:05,310] [02_Preprocess] [INFO]:		working_dir		= /projects/ovcare/classification/pouya/components/PDAC_Binary_Pipeline/2020-05-26_07-31-05
[2020-05-26 07:31:05,311] [02_Preprocess] [INFO]:		print_only		= False
[2020-05-26 07:31:05,311] [02_Preprocess] [INFO]:		pipeline_name		= 02_Preprocess
[2020-05-26 07:31:05,312] [02_Preprocess] [INFO]:		job_scheduler		= drmaa
[2020-05-26 07:31:05,312] [02_Preprocess] [INFO]:		draw_vertically		= False
[2020-05-26 07:31:05,313] [02_Preprocess] [INFO]:		log_file		= None
[2020-05-26 07:31:05,313] [02_Preprocess] [INFO]:		qsub_options		= None
[2020-05-26 07:31:05,314] [02_Preprocess] [INFO]:		num_jobs		= 1
[2020-05-26 07:31:05,314] [02_Preprocess] [INFO]:	------------------------------
[2020-05-26 07:31:05,315] [02_Preprocess] [INFO]:	 PIPELINE BEGINS
[2020-05-26 07:31:05,315] [02_Preprocess] [INFO]:	------------------------------
[2020-05-26 07:31:05,430] [02_Preprocess] [INFO]:	running __shared__only___02_Preprocess pipeline with command: python /projects/ovcare/classification/pouya/components/PDAC_Binary_Pipeline/intermediate_pipeline_scripts/__shared__only___02_Preprocess.py --drmaa_library_path 'lib/lx24-amd64/libdrmaa.so' --extension 'png' --run_id '2020-05-26_07-31-05' --python_installation 'python' --num_pipelines 1 --no_prefix --components_dir '/projects/ovcare/classification/pouya/components' --working_dir '/projects/ovcare/classification/pouya/components/PDAC_Binary_Pipeline/2020-05-26_07-31-05' --pipeline_name '__shared__only___02_Preprocess' --job_scheduler 'drmaa' --sample_id '__shared__only__' --log_file '/projects/ovcare/classification/pouya/components/PDAC_Binary_Pipeline/2020-05-26_07-31-05/02_Preprocess_2020-05-26_07-31-05.log' --num_jobs 1
[2020-05-26 07:31:05,431] [02_Preprocess] [INFO]:	
[2020-05-26 07:31:05,891] [__shared__only___02_Preprocess] [INFO]:	TASK_DIVIDE_WORK for kronos_component_singularity started in __shared__only___02_Preprocess pipeline
[2020-05-26 07:31:05,891] [__shared__only___02_Preprocess] [INFO]:	
[2020-05-26 07:31:05,892] [__shared__only___02_Preprocess] [INFO]:	Loc arg /projects/ovcare/classification/Diagnostic_TCGA_PDAC_cases/work
[2020-05-26 07:31:05,893] [__shared__only___02_Preprocess] [INFO]:	
[2020-05-26 07:31:05,894] [__shared__only___02_Preprocess] [INFO]:	Loc arg /projects/ovcare/classification/cchen
[2020-05-26 07:31:05,895] [__shared__only___02_Preprocess] [INFO]:	
[2020-05-26 07:31:05,896] [__shared__only___02_Preprocess] [INFO]:	Loc arg /projects/ovcare/classification/Diagnostic_TCGA_PDAC_cases/patches_1024
[2020-05-26 07:31:05,896] [__shared__only___02_Preprocess] [INFO]:	
[2020-05-26 07:31:06,907] [__shared__only___02_Preprocess] [INFO]:	job 21748 ("TASK_DIVIDE_WORK") has been launched locally
[2020-05-26 07:31:06,908] [__shared__only___02_Preprocess] [INFO]:	
[2020-05-26 07:31:09,229] [02_Preprocess] [INFO]:	__shared__only___02_Preprocess pipeline finished with exit code 98
[2020-05-26 07:31:09,230] [02_Preprocess] [INFO]:	
[2020-05-26 07:31:09,236] [02_Preprocess] [INFO]:	------------------------------
[2020-05-26 07:31:09,285] [02_Preprocess] [INFO]:	 PIPELINE ENDS
[2020-05-26 07:31:09,314] [02_Preprocess] [INFO]:	------------------------------
[2020-05-26 07:31:09,350] [02_Preprocess] [INFO]:	finish date: 2020-05-26 07:31:09
[2020-05-26 07:31:09,386] [02_Preprocess] [INFO]:	02_Preprocess pipeline finished with exit code 98. Please check the logs.
